<?xml version="1.0" encoding="UTF-8"?>
<!-- Generated by org.testng.reporters.JUnitReportReporter -->
<testsuite hostname="IN5CG616590S" name="LoginTest" tests="1" failures="0" timestamp="26 Aug 2019 09:12:11 GMT" time="0.014" errors="0">
  <testcase name="verifyLoginFunctionality" time="0.014" classname="LoginTest"/>
</testsuite> <!-- LoginTest -->
